[2026-03-03T01:04:48+08:00][error] [0]语法错误: unexpected '"', expecting '-' or identifier (T_STRING) or variable (T_VARIABLE) or number (T_NUM_STRING)[D:\project\github\xinyue-search\app\api\controller\Other.php:608]
[2026-03-03T01:05:05+08:00][error] [0]语法错误: unexpected '"', expecting '-' or identifier (T_STRING) or variable (T_VARIABLE) or number (T_NUM_STRING)[D:\project\github\xinyue-search\app\api\controller\Other.php:608]
[2026-03-03T01:05:07+08:00][error] [0]语法错误: unexpected '"', expecting '-' or identifier (T_STRING) or variable (T_VARIABLE) or number (T_NUM_STRING)[D:\project\github\xinyue-search\app\api\controller\Other.php:608]
[2026-03-03T01:05:09+08:00][error] [0]语法错误: unexpected '"', expecting '-' or identifier (T_STRING) or variable (T_VARIABLE) or number (T_NUM_STRING)[D:\project\github\xinyue-search\app\api\controller\Other.php:608]
[2026-03-03T01:05:10+08:00][error] [0]语法错误: unexpected '"', expecting '-' or identifier (T_STRING) or variable (T_VARIABLE) or number (T_NUM_STRING)[D:\project\github\xinyue-search\app\api\controller\Other.php:608]
[2026-03-03T01:05:11+08:00][error] [0]语法错误: unexpected '"', expecting '-' or identifier (T_STRING) or variable (T_VARIABLE) or number (T_NUM_STRING)[D:\project\github\xinyue-search\app\api\controller\Other.php:608]
[2026-03-03T01:05:11+08:00][error] [0]语法错误: unexpected '"', expecting '-' or identifier (T_STRING) or variable (T_VARIABLE) or number (T_NUM_STRING)[D:\project\github\xinyue-search\app\api\controller\Other.php:608]
[2026-03-03T01:05:15+08:00][error] [0]语法错误: unexpected '"', expecting '-' or identifier (T_STRING) or variable (T_VARIABLE) or number (T_NUM_STRING)[D:\project\github\xinyue-search\app\api\controller\Other.php:608]
[2026-03-03T16:03:13+08:00][sql] CONNECT:[ UseTime:0.023599s ] mysql:host=127.0.0.1;port=3306;dbname=xinyuepansou;charset=utf8mb4
[2026-03-03T16:03:13+08:00][sql] SHOW FULL COLUMNS FROM `qf_conf` [ RunTime:0.001202s ]
[2026-03-03T16:03:13+08:00][sql] SELECT * FROM `qf_conf` [ RunTime:0.000425s ]
[2026-03-03T16:03:13+08:00][sql] SHOW FULL COLUMNS FROM `qf_api_list` [ RunTime:0.001150s ]
[2026-03-03T16:03:13+08:00][sql] SHOW FULL COLUMNS FROM `qf_source` [ RunTime:0.000886s ]
[2026-03-03T16:03:13+08:00][sql] SELECT source_id as id,`title`,`url` FROM `qf_source` WHERE  `status` = 1  AND `is_delete` = 0  AND `is_time` = 1  AND `content` = 'https://pan.baidu.com/s/1Ki2aZaVON7zOY1NdyWcdPQ?pwd=xce8' LIMIT 1 [ RunTime:0.000356s ]
[2026-03-03T16:03:13+08:00][error] [8]未定义数组索引: scheme[D:\project\github\xinyue-search\extend\netdisk\pan\BaiduPan.php:34]
[2026-03-03T16:03:19+08:00][sql] CONNECT:[ UseTime:0.018370s ] mysql:host=127.0.0.1;port=3306;dbname=xinyuepansou;charset=utf8mb4
[2026-03-03T16:03:19+08:00][sql] SHOW FULL COLUMNS FROM `qf_conf` [ RunTime:0.001796s ]
[2026-03-03T16:03:19+08:00][sql] SELECT * FROM `qf_conf` [ RunTime:0.000569s ]
[2026-03-03T16:03:19+08:00][sql] SHOW FULL COLUMNS FROM `qf_api_list` [ RunTime:0.000953s ]
[2026-03-03T16:03:19+08:00][sql] SHOW FULL COLUMNS FROM `qf_source` [ RunTime:0.000951s ]
[2026-03-03T16:03:19+08:00][sql] SELECT source_id as id,`title`,`url` FROM `qf_source` WHERE  `status` = 1  AND `is_delete` = 0  AND `is_time` = 1  AND `content` = 'https://pan.baidu.com/s/1KepMpAhW5Xg55UAcCThY6w?pwd=un3m' LIMIT 1 [ RunTime:0.000272s ]
[2026-03-03T16:03:19+08:00][error] [8]未定义数组索引: scheme[D:\project\github\xinyue-search\extend\netdisk\pan\BaiduPan.php:34]
[2026-03-03T16:03:21+08:00][sql] CONNECT:[ UseTime:0.020789s ] mysql:host=127.0.0.1;port=3306;dbname=xinyuepansou;charset=utf8mb4
[2026-03-03T16:03:21+08:00][sql] SHOW FULL COLUMNS FROM `qf_conf` [ RunTime:0.001493s ]
[2026-03-03T16:03:21+08:00][sql] SELECT * FROM `qf_conf` [ RunTime:0.000498s ]
[2026-03-03T16:03:21+08:00][sql] SHOW FULL COLUMNS FROM `qf_api_list` [ RunTime:0.000936s ]
[2026-03-03T16:03:21+08:00][sql] SHOW FULL COLUMNS FROM `qf_source` [ RunTime:0.000777s ]
[2026-03-03T16:03:21+08:00][sql] SELECT source_id as id,`title`,`url` FROM `qf_source` WHERE  `status` = 1  AND `is_delete` = 0  AND `is_time` = 1  AND `content` = 'https://pan.baidu.com/s/1uQ-kp3M_6fi-w5BtrhrgXQ?pwd=8888' LIMIT 1 [ RunTime:0.000253s ]
[2026-03-03T16:03:21+08:00][error] [8]未定义数组索引: scheme[D:\project\github\xinyue-search\extend\netdisk\pan\BaiduPan.php:34]
