[2026-03-03T14:31:41+08:00][sql] CONNECT:[ UseTime:0.013842s ] mysql:host=127.0.0.1;port=3306;dbname=xinyuepansou;charset=utf8mb4
[2026-03-03T14:31:41+08:00][sql] SHOW FULL COLUMNS FROM `qf_admin` [ RunTime:0.000965s ]
[2026-03-03T14:31:41+08:00][sql] SHOW FULL COLUMNS FROM `qf_access` [ RunTime:0.001091s ]
[2026-03-03T14:31:41+08:00][sql] SHOW FULL COLUMNS FROM `qf_auth` [ RunTime:0.001071s ]
[2026-03-03T14:31:41+08:00][sql] SHOW FULL COLUMNS FROM `qf_node` [ RunTime:0.001255s ]
[2026-03-03T14:31:41+08:00][sql] SHOW FULL COLUMNS FROM `qf_group` [ RunTime:0.000833s ]
[2026-03-03T14:31:41+08:00][sql] SHOW FULL COLUMNS FROM `qf_conf` [ RunTime:0.001193s ]
[2026-03-03T14:31:41+08:00][sql] SELECT * FROM `qf_conf` [ RunTime:0.000501s ]
[2026-03-03T14:31:41+08:00][sql] SELECT * FROM `qf_access` WHERE  `access_token` = 'f5f62f4491fdee95759f285a07aa4551ee93736e100000f5f62f4491fdee95759f285a07aa4551ee93736e'  AND `access_status` = 0 LIMIT 1 [ RunTime:0.000408s ]
[2026-03-03T14:31:41+08:00][sql] UPDATE `qf_access`  SET `access_updatetime` = 1772519501  WHERE  `access_id` = 5 [ RunTime:0.007797s ]
[2026-03-03T14:31:41+08:00][sql] UPDATE `qf_admin`  SET `admin_updatetime` = 1772519501  WHERE  `admin_id` = 1 [ RunTime:0.005861s ]
[2026-03-03T14:31:41+08:00][sql] SELECT * FROM `qf_admin` WHERE  `admin_id` = 1 LIMIT 1 [ RunTime:0.000348s ]
[2026-03-03T14:31:41+08:00][error] [8]未定义数组索引: res_code[D:\project\github\xinyue-search\extend\netdisk\pan\TianyiPan.php:42]
[2026-03-03T14:31:41+08:00][sql] CONNECT:[ UseTime:0.014085s ] mysql:host=127.0.0.1;port=3306;dbname=xinyuepansou;charset=utf8mb4
[2026-03-03T14:31:41+08:00][sql] SHOW FULL COLUMNS FROM `qf_admin` [ RunTime:0.000937s ]
[2026-03-03T14:31:41+08:00][sql] SHOW FULL COLUMNS FROM `qf_access` [ RunTime:0.001107s ]
[2026-03-03T14:31:41+08:00][sql] SHOW FULL COLUMNS FROM `qf_auth` [ RunTime:0.001063s ]
[2026-03-03T14:31:41+08:00][sql] SHOW FULL COLUMNS FROM `qf_node` [ RunTime:0.001048s ]
[2026-03-03T14:31:41+08:00][sql] SHOW FULL COLUMNS FROM `qf_group` [ RunTime:0.001088s ]
[2026-03-03T14:31:41+08:00][sql] SHOW FULL COLUMNS FROM `qf_conf` [ RunTime:0.001067s ]
[2026-03-03T14:31:41+08:00][sql] SELECT * FROM `qf_conf` [ RunTime:0.000437s ]
[2026-03-03T14:31:41+08:00][sql] SELECT * FROM `qf_access` WHERE  `access_token` = 'f5f62f4491fdee95759f285a07aa4551ee93736e100000f5f62f4491fdee95759f285a07aa4551ee93736e'  AND `access_status` = 0 LIMIT 1 [ RunTime:0.000419s ]
[2026-03-03T14:31:41+08:00][sql] UPDATE `qf_access`  SET `access_updatetime` = 1772519501  WHERE  `access_id` = 5 [ RunTime:0.003805s ]
[2026-03-03T14:31:41+08:00][sql] UPDATE `qf_admin`  SET `admin_updatetime` = 1772519501  WHERE  `admin_id` = 1 [ RunTime:0.005911s ]
[2026-03-03T14:31:41+08:00][sql] SELECT * FROM `qf_admin` WHERE  `admin_id` = 1 LIMIT 1 [ RunTime:0.000405s ]
[2026-03-03T14:31:41+08:00][error] [8]未定义数组索引: res_code[D:\project\github\xinyue-search\extend\netdisk\pan\TianyiPan.php:42]
[2026-03-03T15:18:41+08:00][sql] CONNECT:[ UseTime:0.021995s ] mysql:host=127.0.0.1;port=3306;dbname=xinyuepansou;charset=utf8mb4
[2026-03-03T15:18:41+08:00][sql] SHOW FULL COLUMNS FROM `qf_admin` [ RunTime:0.001313s ]
[2026-03-03T15:18:41+08:00][sql] SHOW FULL COLUMNS FROM `qf_access` [ RunTime:0.001241s ]
[2026-03-03T15:18:41+08:00][sql] SHOW FULL COLUMNS FROM `qf_auth` [ RunTime:0.000996s ]
[2026-03-03T15:18:41+08:00][sql] SHOW FULL COLUMNS FROM `qf_node` [ RunTime:0.000962s ]
[2026-03-03T15:18:41+08:00][sql] SHOW FULL COLUMNS FROM `qf_group` [ RunTime:0.000891s ]
[2026-03-03T15:18:41+08:00][sql] SHOW FULL COLUMNS FROM `qf_conf` [ RunTime:0.000812s ]
[2026-03-03T15:18:41+08:00][sql] SELECT * FROM `qf_conf` [ RunTime:0.000364s ]
[2026-03-03T15:18:41+08:00][error] [0]Class 'app\admin\controller\View' not found[D:\project\github\xinyue-search\app\admin\controller\Source.php:24]
[2026-03-03T15:18:44+08:00][sql] CONNECT:[ UseTime:0.012868s ] mysql:host=127.0.0.1;port=3306;dbname=xinyuepansou;charset=utf8mb4
[2026-03-03T15:18:44+08:00][sql] SHOW FULL COLUMNS FROM `qf_admin` [ RunTime:0.001309s ]
[2026-03-03T15:18:44+08:00][sql] SHOW FULL COLUMNS FROM `qf_access` [ RunTime:0.001572s ]
[2026-03-03T15:18:44+08:00][sql] SHOW FULL COLUMNS FROM `qf_auth` [ RunTime:0.000918s ]
[2026-03-03T15:18:44+08:00][sql] SHOW FULL COLUMNS FROM `qf_node` [ RunTime:0.000943s ]
[2026-03-03T15:18:44+08:00][sql] SHOW FULL COLUMNS FROM `qf_group` [ RunTime:0.000757s ]
[2026-03-03T15:18:44+08:00][sql] SHOW FULL COLUMNS FROM `qf_conf` [ RunTime:0.000906s ]
[2026-03-03T15:18:44+08:00][sql] SELECT * FROM `qf_conf` [ RunTime:0.000370s ]
[2026-03-03T15:18:44+08:00][error] [0]Class 'app\admin\controller\View' not found[D:\project\github\xinyue-search\app\admin\controller\Source.php:24]
[2026-03-03T15:18:48+08:00][sql] CONNECT:[ UseTime:0.000630s ] mysql:host=127.0.0.1;port=3306;dbname=xinyuepansou;charset=utf8mb4
[2026-03-03T15:18:48+08:00][sql] SHOW FULL COLUMNS FROM `qf_admin` [ RunTime:0.001278s ]
[2026-03-03T15:18:48+08:00][sql] SHOW FULL COLUMNS FROM `qf_access` [ RunTime:0.001057s ]
[2026-03-03T15:18:48+08:00][sql] SHOW FULL COLUMNS FROM `qf_auth` [ RunTime:0.000756s ]
[2026-03-03T15:18:48+08:00][sql] SHOW FULL COLUMNS FROM `qf_node` [ RunTime:0.001019s ]
[2026-03-03T15:18:48+08:00][sql] SHOW FULL COLUMNS FROM `qf_group` [ RunTime:0.000963s ]
[2026-03-03T15:18:48+08:00][sql] SHOW FULL COLUMNS FROM `qf_conf` [ RunTime:0.001025s ]
[2026-03-03T15:18:48+08:00][sql] SELECT * FROM `qf_conf` [ RunTime:0.000489s ]
[2026-03-03T15:18:48+08:00][error] [0]Class 'app\admin\controller\View' not found[D:\project\github\xinyue-search\app\admin\controller\Source.php:24]
[2026-03-03T15:18:48+08:00][sql] CONNECT:[ UseTime:0.000840s ] mysql:host=127.0.0.1;port=3306;dbname=xinyuepansou;charset=utf8mb4
[2026-03-03T15:18:48+08:00][sql] SHOW FULL COLUMNS FROM `qf_admin` [ RunTime:0.001691s ]
[2026-03-03T15:18:48+08:00][sql] SHOW FULL COLUMNS FROM `qf_access` [ RunTime:0.001120s ]
[2026-03-03T15:18:48+08:00][sql] SHOW FULL COLUMNS FROM `qf_auth` [ RunTime:0.001047s ]
[2026-03-03T15:18:48+08:00][sql] SHOW FULL COLUMNS FROM `qf_node` [ RunTime:0.001048s ]
[2026-03-03T15:18:48+08:00][sql] SHOW FULL COLUMNS FROM `qf_group` [ RunTime:0.001039s ]
[2026-03-03T15:18:48+08:00][sql] SHOW FULL COLUMNS FROM `qf_conf` [ RunTime:0.001054s ]
[2026-03-03T15:18:48+08:00][sql] SELECT * FROM `qf_conf` [ RunTime:0.000419s ]
[2026-03-03T15:18:48+08:00][error] [0]Class 'app\admin\controller\View' not found[D:\project\github\xinyue-search\app\admin\controller\Source.php:24]
[2026-03-03T15:18:48+08:00][sql] CONNECT:[ UseTime:0.021102s ] mysql:host=127.0.0.1;port=3306;dbname=xinyuepansou;charset=utf8mb4
[2026-03-03T15:18:48+08:00][sql] SHOW FULL COLUMNS FROM `qf_admin` [ RunTime:0.001412s ]
[2026-03-03T15:18:48+08:00][sql] SHOW FULL COLUMNS FROM `qf_access` [ RunTime:0.001110s ]
[2026-03-03T15:18:48+08:00][sql] SHOW FULL COLUMNS FROM `qf_auth` [ RunTime:0.001120s ]
[2026-03-03T15:18:48+08:00][sql] SHOW FULL COLUMNS FROM `qf_node` [ RunTime:0.001222s ]
[2026-03-03T15:18:48+08:00][sql] SHOW FULL COLUMNS FROM `qf_group` [ RunTime:0.001015s ]
[2026-03-03T15:18:48+08:00][sql] SHOW FULL COLUMNS FROM `qf_conf` [ RunTime:0.001061s ]
[2026-03-03T15:18:48+08:00][sql] SELECT * FROM `qf_conf` [ RunTime:0.000416s ]
[2026-03-03T15:18:48+08:00][error] [0]Class 'app\admin\controller\View' not found[D:\project\github\xinyue-search\app\admin\controller\Source.php:24]
[2026-03-03T15:18:48+08:00][sql] CONNECT:[ UseTime:0.021117s ] mysql:host=127.0.0.1;port=3306;dbname=xinyuepansou;charset=utf8mb4
[2026-03-03T15:18:48+08:00][sql] SHOW FULL COLUMNS FROM `qf_admin` [ RunTime:0.001391s ]
[2026-03-03T15:18:48+08:00][sql] SHOW FULL COLUMNS FROM `qf_access` [ RunTime:0.001085s ]
[2026-03-03T15:18:48+08:00][sql] SHOW FULL COLUMNS FROM `qf_auth` [ RunTime:0.001126s ]
[2026-03-03T15:18:48+08:00][sql] SHOW FULL COLUMNS FROM `qf_node` [ RunTime:0.001232s ]
[2026-03-03T15:18:48+08:00][sql] SHOW FULL COLUMNS FROM `qf_group` [ RunTime:0.001005s ]
[2026-03-03T15:18:48+08:00][sql] SHOW FULL COLUMNS FROM `qf_conf` [ RunTime:0.001014s ]
[2026-03-03T15:18:48+08:00][sql] SELECT * FROM `qf_conf` [ RunTime:0.000437s ]
[2026-03-03T15:18:48+08:00][error] [0]Class 'app\admin\controller\View' not found[D:\project\github\xinyue-search\app\admin\controller\Source.php:24]
[2026-03-03T15:18:48+08:00][sql] CONNECT:[ UseTime:0.001101s ] mysql:host=127.0.0.1;port=3306;dbname=xinyuepansou;charset=utf8mb4
[2026-03-03T15:18:48+08:00][sql] SHOW FULL COLUMNS FROM `qf_admin` [ RunTime:0.001827s ]
[2026-03-03T15:18:48+08:00][sql] SHOW FULL COLUMNS FROM `qf_access` [ RunTime:0.001428s ]
[2026-03-03T15:18:48+08:00][sql] SHOW FULL COLUMNS FROM `qf_auth` [ RunTime:0.001031s ]
[2026-03-03T15:18:48+08:00][sql] SHOW FULL COLUMNS FROM `qf_node` [ RunTime:0.000972s ]
[2026-03-03T15:18:48+08:00][sql] SHOW FULL COLUMNS FROM `qf_group` [ RunTime:0.000812s ]
[2026-03-03T15:18:48+08:00][sql] SHOW FULL COLUMNS FROM `qf_conf` [ RunTime:0.000964s ]
[2026-03-03T15:18:48+08:00][sql] SELECT * FROM `qf_conf` [ RunTime:0.000456s ]
[2026-03-03T15:18:48+08:00][error] [0]Class 'app\admin\controller\View' not found[D:\project\github\xinyue-search\app\admin\controller\Source.php:24]
[2026-03-03T15:18:48+08:00][sql] CONNECT:[ UseTime:0.001072s ] mysql:host=127.0.0.1;port=3306;dbname=xinyuepansou;charset=utf8mb4
[2026-03-03T15:18:48+08:00][sql] SHOW FULL COLUMNS FROM `qf_admin` [ RunTime:0.001164s ]
[2026-03-03T15:18:48+08:00][sql] SHOW FULL COLUMNS FROM `qf_access` [ RunTime:0.001056s ]
[2026-03-03T15:18:48+08:00][sql] SHOW FULL COLUMNS FROM `qf_auth` [ RunTime:0.000822s ]
[2026-03-03T15:18:48+08:00][sql] SHOW FULL COLUMNS FROM `qf_node` [ RunTime:0.001025s ]
[2026-03-03T15:18:48+08:00][sql] SHOW FULL COLUMNS FROM `qf_group` [ RunTime:0.000909s ]
[2026-03-03T15:18:48+08:00][sql] SHOW FULL COLUMNS FROM `qf_conf` [ RunTime:0.000949s ]
[2026-03-03T15:18:48+08:00][sql] SELECT * FROM `qf_conf` [ RunTime:0.000352s ]
[2026-03-03T15:18:48+08:00][error] [0]Class 'app\admin\controller\View' not found[D:\project\github\xinyue-search\app\admin\controller\Source.php:24]
[2026-03-03T15:18:48+08:00][sql] CONNECT:[ UseTime:0.000704s ] mysql:host=127.0.0.1;port=3306;dbname=xinyuepansou;charset=utf8mb4
[2026-03-03T15:18:48+08:00][sql] SHOW FULL COLUMNS FROM `qf_admin` [ RunTime:0.001059s ]
[2026-03-03T15:18:48+08:00][sql] SHOW FULL COLUMNS FROM `qf_access` [ RunTime:0.001046s ]
[2026-03-03T15:18:48+08:00][sql] SHOW FULL COLUMNS FROM `qf_auth` [ RunTime:0.000893s ]
[2026-03-03T15:18:48+08:00][sql] SHOW FULL COLUMNS FROM `qf_node` [ RunTime:0.001140s ]
[2026-03-03T15:18:48+08:00][sql] SHOW FULL COLUMNS FROM `qf_group` [ RunTime:0.001022s ]
[2026-03-03T15:18:48+08:00][sql] SHOW FULL COLUMNS FROM `qf_conf` [ RunTime:0.001116s ]
[2026-03-03T15:18:48+08:00][sql] SELECT * FROM `qf_conf` [ RunTime:0.000454s ]
[2026-03-03T15:18:48+08:00][error] [0]Class 'app\admin\controller\View' not found[D:\project\github\xinyue-search\app\admin\controller\Source.php:24]
[2026-03-03T15:18:48+08:00][sql] CONNECT:[ UseTime:0.020328s ] mysql:host=127.0.0.1;port=3306;dbname=xinyuepansou;charset=utf8mb4
[2026-03-03T15:18:48+08:00][sql] SHOW FULL COLUMNS FROM `qf_admin` [ RunTime:0.001568s ]
[2026-03-03T15:18:48+08:00][sql] SHOW FULL COLUMNS FROM `qf_access` [ RunTime:0.001184s ]
[2026-03-03T15:18:48+08:00][sql] SHOW FULL COLUMNS FROM `qf_auth` [ RunTime:0.000858s ]
[2026-03-03T15:18:48+08:00][sql] SHOW FULL COLUMNS FROM `qf_node` [ RunTime:0.001038s ]
[2026-03-03T15:18:48+08:00][sql] SHOW FULL COLUMNS FROM `qf_group` [ RunTime:0.001027s ]
[2026-03-03T15:18:48+08:00][sql] SHOW FULL COLUMNS FROM `qf_conf` [ RunTime:0.001068s ]
[2026-03-03T15:18:48+08:00][sql] SELECT * FROM `qf_conf` [ RunTime:0.000558s ]
[2026-03-03T15:18:48+08:00][error] [0]Class 'app\admin\controller\View' not found[D:\project\github\xinyue-search\app\admin\controller\Source.php:24]
[2026-03-03T15:18:48+08:00][sql] CONNECT:[ UseTime:0.000813s ] mysql:host=127.0.0.1;port=3306;dbname=xinyuepansou;charset=utf8mb4
[2026-03-03T15:18:48+08:00][sql] SHOW FULL COLUMNS FROM `qf_admin` [ RunTime:0.001214s ]
[2026-03-03T15:18:48+08:00][sql] SHOW FULL COLUMNS FROM `qf_access` [ RunTime:0.000957s ]
[2026-03-03T15:18:48+08:00][sql] SHOW FULL COLUMNS FROM `qf_auth` [ RunTime:0.000991s ]
[2026-03-03T15:18:48+08:00][sql] SHOW FULL COLUMNS FROM `qf_node` [ RunTime:0.001238s ]
[2026-03-03T15:18:48+08:00][sql] SHOW FULL COLUMNS FROM `qf_group` [ RunTime:0.000943s ]
[2026-03-03T15:18:48+08:00][sql] SHOW FULL COLUMNS FROM `qf_conf` [ RunTime:0.001057s ]
[2026-03-03T15:18:48+08:00][sql] SELECT * FROM `qf_conf` [ RunTime:0.000420s ]
[2026-03-03T15:18:48+08:00][error] [0]Class 'app\admin\controller\View' not found[D:\project\github\xinyue-search\app\admin\controller\Source.php:24]
[2026-03-03T15:18:48+08:00][sql] CONNECT:[ UseTime:0.000686s ] mysql:host=127.0.0.1;port=3306;dbname=xinyuepansou;charset=utf8mb4
[2026-03-03T15:18:48+08:00][sql] SHOW FULL COLUMNS FROM `qf_admin` [ RunTime:0.001063s ]
[2026-03-03T15:18:48+08:00][sql] SHOW FULL COLUMNS FROM `qf_access` [ RunTime:0.000923s ]
[2026-03-03T15:18:48+08:00][sql] SHOW FULL COLUMNS FROM `qf_auth` [ RunTime:0.000882s ]
[2026-03-03T15:18:48+08:00][sql] SHOW FULL COLUMNS FROM `qf_node` [ RunTime:0.001087s ]
[2026-03-03T15:18:48+08:00][sql] SHOW FULL COLUMNS FROM `qf_group` [ RunTime:0.000973s ]
[2026-03-03T15:18:48+08:00][sql] SHOW FULL COLUMNS FROM `qf_conf` [ RunTime:0.000976s ]
[2026-03-03T15:18:48+08:00][sql] SELECT * FROM `qf_conf` [ RunTime:0.000398s ]
[2026-03-03T15:18:48+08:00][error] [0]Class 'app\admin\controller\View' not found[D:\project\github\xinyue-search\app\admin\controller\Source.php:24]
[2026-03-03T15:18:48+08:00][sql] CONNECT:[ UseTime:0.000816s ] mysql:host=127.0.0.1;port=3306;dbname=xinyuepansou;charset=utf8mb4
[2026-03-03T15:18:48+08:00][sql] SHOW FULL COLUMNS FROM `qf_admin` [ RunTime:0.001452s ]
[2026-03-03T15:18:48+08:00][sql] SHOW FULL COLUMNS FROM `qf_access` [ RunTime:0.001137s ]
[2026-03-03T15:18:48+08:00][sql] SHOW FULL COLUMNS FROM `qf_auth` [ RunTime:0.001019s ]
[2026-03-03T15:18:48+08:00][sql] SHOW FULL COLUMNS FROM `qf_node` [ RunTime:0.001007s ]
[2026-03-03T15:18:48+08:00][sql] SHOW FULL COLUMNS FROM `qf_group` [ RunTime:0.000726s ]
[2026-03-03T15:18:48+08:00][sql] SHOW FULL COLUMNS FROM `qf_conf` [ RunTime:0.000757s ]
[2026-03-03T15:18:48+08:00][sql] SELECT * FROM `qf_conf` [ RunTime:0.000313s ]
[2026-03-03T15:18:48+08:00][error] [0]Class 'app\admin\controller\View' not found[D:\project\github\xinyue-search\app\admin\controller\Source.php:24]
[2026-03-03T15:18:51+08:00][sql] CONNECT:[ UseTime:0.025343s ] mysql:host=127.0.0.1;port=3306;dbname=xinyuepansou;charset=utf8mb4
[2026-03-03T15:18:51+08:00][sql] SHOW FULL COLUMNS FROM `qf_admin` [ RunTime:0.001770s ]
[2026-03-03T15:18:51+08:00][sql] SHOW FULL COLUMNS FROM `qf_access` [ RunTime:0.001275s ]
[2026-03-03T15:18:51+08:00][sql] SHOW FULL COLUMNS FROM `qf_auth` [ RunTime:0.001172s ]
[2026-03-03T15:18:51+08:00][sql] SHOW FULL COLUMNS FROM `qf_node` [ RunTime:0.001373s ]
[2026-03-03T15:18:51+08:00][sql] SHOW FULL COLUMNS FROM `qf_group` [ RunTime:0.001127s ]
[2026-03-03T15:18:51+08:00][sql] SHOW FULL COLUMNS FROM `qf_conf` [ RunTime:0.000784s ]
[2026-03-03T15:18:51+08:00][sql] SELECT * FROM `qf_conf` [ RunTime:0.000306s ]
[2026-03-03T15:18:51+08:00][error] [0]Class 'app\admin\controller\View' not found[D:\project\github\xinyue-search\app\admin\controller\Source.php:24]
[2026-03-03T15:21:25+08:00][sql] CONNECT:[ UseTime:0.017629s ] mysql:host=127.0.0.1;port=3306;dbname=xinyuepansou;charset=utf8mb4
[2026-03-03T15:21:25+08:00][sql] SHOW FULL COLUMNS FROM `qf_admin` [ RunTime:0.001265s ]
[2026-03-03T15:21:25+08:00][sql] SHOW FULL COLUMNS FROM `qf_access` [ RunTime:0.000849s ]
[2026-03-03T15:21:25+08:00][sql] SHOW FULL COLUMNS FROM `qf_auth` [ RunTime:0.000783s ]
[2026-03-03T15:21:25+08:00][sql] SHOW FULL COLUMNS FROM `qf_node` [ RunTime:0.000902s ]
[2026-03-03T15:21:25+08:00][sql] SHOW FULL COLUMNS FROM `qf_group` [ RunTime:0.000814s ]
[2026-03-03T15:21:25+08:00][sql] SHOW FULL COLUMNS FROM `qf_conf` [ RunTime:0.000929s ]
[2026-03-03T15:21:25+08:00][sql] SELECT * FROM `qf_conf` [ RunTime:0.000355s ]
[2026-03-03T15:21:25+08:00][error] [0]Class 'app\admin\controller\View' not found[D:\project\github\xinyue-search\app\admin\controller\Source.php:24]
[2026-03-03T15:22:16+08:00][sql] CONNECT:[ UseTime:0.011450s ] mysql:host=127.0.0.1;port=3306;dbname=xinyuepansou;charset=utf8mb4
[2026-03-03T15:22:16+08:00][sql] SHOW FULL COLUMNS FROM `qf_admin` [ RunTime:0.001419s ]
[2026-03-03T15:22:16+08:00][sql] SHOW FULL COLUMNS FROM `qf_access` [ RunTime:0.000842s ]
[2026-03-03T15:22:16+08:00][sql] SHOW FULL COLUMNS FROM `qf_auth` [ RunTime:0.001003s ]
[2026-03-03T15:22:16+08:00][sql] SHOW FULL COLUMNS FROM `qf_node` [ RunTime:0.001332s ]
[2026-03-03T15:22:16+08:00][sql] SHOW FULL COLUMNS FROM `qf_group` [ RunTime:0.001045s ]
[2026-03-03T15:22:16+08:00][sql] SHOW FULL COLUMNS FROM `qf_conf` [ RunTime:0.001094s ]
[2026-03-03T15:22:16+08:00][sql] SELECT * FROM `qf_conf` [ RunTime:0.000449s ]
[2026-03-03T15:22:16+08:00][error] [0]Class 'app\admin\controller\View' not found[D:\project\github\xinyue-search\app\admin\controller\Source.php:24]
[2026-03-03T15:23:55+08:00][sql] CONNECT:[ UseTime:0.001727s ] mysql:host=127.0.0.1;port=3306;dbname=xinyuepansou;charset=utf8mb4
[2026-03-03T15:23:55+08:00][sql] SHOW FULL COLUMNS FROM `qf_admin` [ RunTime:0.001698s ]
[2026-03-03T15:23:55+08:00][sql] SHOW FULL COLUMNS FROM `qf_access` [ RunTime:0.001311s ]
[2026-03-03T15:23:55+08:00][sql] SHOW FULL COLUMNS FROM `qf_auth` [ RunTime:0.001353s ]
[2026-03-03T15:23:55+08:00][sql] SHOW FULL COLUMNS FROM `qf_node` [ RunTime:0.001127s ]
[2026-03-03T15:23:55+08:00][sql] SHOW FULL COLUMNS FROM `qf_group` [ RunTime:0.001181s ]
[2026-03-03T15:23:55+08:00][sql] SHOW FULL COLUMNS FROM `qf_conf` [ RunTime:0.001189s ]
[2026-03-03T15:23:55+08:00][sql] SELECT * FROM `qf_conf` [ RunTime:0.000354s ]
[2026-03-03T15:23:55+08:00][error] [0]Class 'app\admin\controller\View' not found[D:\project\github\xinyue-search\app\admin\controller\Source.php:24]
[2026-03-03T15:24:06+08:00][sql] CONNECT:[ UseTime:0.000708s ] mysql:host=127.0.0.1;port=3306;dbname=xinyuepansou;charset=utf8mb4
[2026-03-03T15:24:06+08:00][sql] SHOW FULL COLUMNS FROM `qf_admin` [ RunTime:0.001198s ]
[2026-03-03T15:24:06+08:00][sql] SHOW FULL COLUMNS FROM `qf_access` [ RunTime:0.000791s ]
[2026-03-03T15:24:06+08:00][sql] SHOW FULL COLUMNS FROM `qf_auth` [ RunTime:0.000770s ]
[2026-03-03T15:24:06+08:00][sql] SHOW FULL COLUMNS FROM `qf_node` [ RunTime:0.000852s ]
[2026-03-03T15:24:06+08:00][sql] SHOW FULL COLUMNS FROM `qf_group` [ RunTime:0.000762s ]
[2026-03-03T15:24:06+08:00][sql] SHOW FULL COLUMNS FROM `qf_conf` [ RunTime:0.000757s ]
[2026-03-03T15:24:06+08:00][sql] SELECT * FROM `qf_conf` [ RunTime:0.000347s ]
[2026-03-03T15:24:06+08:00][error] [0]Class 'app\admin\controller\View' not found[D:\project\github\xinyue-search\app\admin\controller\Source.php:24]
