[2026-03-04T10:19:22+08:00][sql] CONNECT:[ UseTime:0.021148s ] mysql:host=127.0.0.1;port=3306;dbname=xinyuepansou;charset=utf8mb4
[2026-03-04T10:19:22+08:00][sql] SHOW FULL COLUMNS FROM `qf_conf` [ RunTime:0.006052s ]
[2026-03-04T10:19:22+08:00][sql] SELECT * FROM `qf_conf` [ RunTime:0.003878s ]
[2026-03-04T10:19:22+08:00][sql] SHOW FULL COLUMNS FROM `qf_source_category` [ RunTime:0.002248s ]
[2026-03-04T10:19:22+08:00][sql] SHOW FULL COLUMNS FROM `qf_api_list` [ RunTime:0.001419s ]
[2026-03-04T10:19:22+08:00][sql] SELECT `source_category_id`,`name`,`image`,`is_sys`,`is_type` FROM `qf_source_category` WHERE  `status` = 0 ORDER BY `sort` DESC [ RunTime:0.001546s ]
[2026-03-04T10:20:38+08:00][sql] CONNECT:[ UseTime:0.011268s ] mysql:host=127.0.0.1;port=3306;dbname=xinyuepansou;charset=utf8mb4
[2026-03-04T10:20:38+08:00][sql] SHOW FULL COLUMNS FROM `qf_conf` [ RunTime:0.001855s ]
[2026-03-04T10:20:38+08:00][sql] SELECT * FROM `qf_conf` [ RunTime:0.000448s ]
[2026-03-04T10:20:38+08:00][sql] SHOW FULL COLUMNS FROM `qf_source_category` [ RunTime:0.000747s ]
[2026-03-04T10:20:38+08:00][sql] SHOW FULL COLUMNS FROM `qf_api_list` [ RunTime:0.000758s ]
[2026-03-04T10:20:38+08:00][sql] SELECT `source_category_id`,`name`,`image`,`is_sys`,`is_type` FROM `qf_source_category` WHERE  `status` = 0 ORDER BY `sort` DESC [ RunTime:0.000276s ]
[2026-03-04T10:21:27+08:00][sql] CONNECT:[ UseTime:0.019583s ] mysql:host=127.0.0.1;port=3306;dbname=xinyuepansou;charset=utf8mb4
[2026-03-04T10:21:27+08:00][sql] SHOW FULL COLUMNS FROM `qf_conf` [ RunTime:0.002353s ]
[2026-03-04T10:21:27+08:00][sql] SELECT * FROM `qf_conf` [ RunTime:0.000640s ]
[2026-03-04T10:21:27+08:00][sql] SHOW FULL COLUMNS FROM `qf_source_category` [ RunTime:0.000944s ]
[2026-03-04T10:21:27+08:00][sql] SHOW FULL COLUMNS FROM `qf_api_list` [ RunTime:0.000926s ]
[2026-03-04T10:21:27+08:00][sql] SELECT `source_category_id`,`name`,`image`,`is_sys`,`is_type` FROM `qf_source_category` WHERE  `status` = 0 ORDER BY `sort` DESC [ RunTime:0.000354s ]
[2026-03-04T10:21:47+08:00][sql] CONNECT:[ UseTime:0.000921s ] mysql:host=127.0.0.1;port=3306;dbname=xinyuepansou;charset=utf8mb4
[2026-03-04T10:21:47+08:00][sql] SHOW FULL COLUMNS FROM `qf_conf` [ RunTime:0.001283s ]
[2026-03-04T10:21:47+08:00][sql] SELECT * FROM `qf_conf` [ RunTime:0.000411s ]
[2026-03-04T10:21:47+08:00][sql] SHOW FULL COLUMNS FROM `qf_source_category` [ RunTime:0.000869s ]
[2026-03-04T10:21:47+08:00][sql] SHOW FULL COLUMNS FROM `qf_api_list` [ RunTime:0.001094s ]
[2026-03-04T10:21:47+08:00][sql] SELECT `source_category_id`,`name`,`image`,`is_sys`,`is_type` FROM `qf_source_category` WHERE  `status` = 0 ORDER BY `sort` DESC [ RunTime:0.000523s ]
[2026-03-04T10:21:48+08:00][sql] CONNECT:[ UseTime:0.000966s ] mysql:host=127.0.0.1;port=3306;dbname=xinyuepansou;charset=utf8mb4
[2026-03-04T10:21:48+08:00][sql] SHOW FULL COLUMNS FROM `qf_conf` [ RunTime:0.001222s ]
[2026-03-04T10:21:48+08:00][sql] SELECT * FROM `qf_conf` [ RunTime:0.000327s ]
[2026-03-04T10:21:48+08:00][sql] SHOW FULL COLUMNS FROM `qf_source_category` [ RunTime:0.000940s ]
[2026-03-04T10:21:48+08:00][sql] SHOW FULL COLUMNS FROM `qf_api_list` [ RunTime:0.000943s ]
[2026-03-04T10:21:48+08:00][sql] SELECT `source_category_id`,`name`,`image`,`is_sys`,`is_type` FROM `qf_source_category` WHERE  `status` = 0 ORDER BY `sort` DESC [ RunTime:0.000359s ]
[2026-03-04T10:22:30+08:00][sql] CONNECT:[ UseTime:0.016358s ] mysql:host=127.0.0.1;port=3306;dbname=xinyuepansou;charset=utf8mb4
[2026-03-04T10:22:30+08:00][sql] SHOW FULL COLUMNS FROM `qf_conf` [ RunTime:0.001514s ]
[2026-03-04T10:22:30+08:00][sql] SELECT * FROM `qf_conf` [ RunTime:0.000422s ]
[2026-03-04T10:22:30+08:00][sql] SHOW FULL COLUMNS FROM `qf_source_category` [ RunTime:0.000898s ]
[2026-03-04T10:22:30+08:00][sql] SHOW FULL COLUMNS FROM `qf_api_list` [ RunTime:0.000865s ]
[2026-03-04T10:22:30+08:00][sql] SELECT `source_category_id`,`name`,`image`,`is_sys`,`is_type` FROM `qf_source_category` WHERE  `status` = 0 ORDER BY `sort` DESC [ RunTime:0.000364s ]
[2026-03-04T10:22:31+08:00][sql] CONNECT:[ UseTime:0.021389s ] mysql:host=127.0.0.1;port=3306;dbname=xinyuepansou;charset=utf8mb4
[2026-03-04T10:22:31+08:00][sql] SHOW FULL COLUMNS FROM `qf_conf` [ RunTime:0.001552s ]
[2026-03-04T10:22:31+08:00][sql] SELECT * FROM `qf_conf` [ RunTime:0.000513s ]
[2026-03-04T10:22:31+08:00][sql] SHOW FULL COLUMNS FROM `qf_source_category` [ RunTime:0.000884s ]
[2026-03-04T10:22:31+08:00][sql] SHOW FULL COLUMNS FROM `qf_api_list` [ RunTime:0.000785s ]
[2026-03-04T10:22:31+08:00][sql] SELECT `source_category_id`,`name`,`image`,`is_sys`,`is_type` FROM `qf_source_category` WHERE  `status` = 0 ORDER BY `sort` DESC [ RunTime:0.000313s ]
[2026-03-04T10:22:32+08:00][sql] CONNECT:[ UseTime:0.014784s ] mysql:host=127.0.0.1;port=3306;dbname=xinyuepansou;charset=utf8mb4
[2026-03-04T10:22:32+08:00][sql] SHOW FULL COLUMNS FROM `qf_conf` [ RunTime:0.001542s ]
[2026-03-04T10:22:32+08:00][sql] SELECT * FROM `qf_conf` [ RunTime:0.000567s ]
[2026-03-04T10:22:32+08:00][sql] SHOW FULL COLUMNS FROM `qf_source_category` [ RunTime:0.001093s ]
[2026-03-04T10:22:32+08:00][sql] SHOW FULL COLUMNS FROM `qf_api_list` [ RunTime:0.001060s ]
[2026-03-04T10:22:32+08:00][sql] SELECT `source_category_id`,`name`,`image`,`is_sys`,`is_type` FROM `qf_source_category` WHERE  `status` = 0 ORDER BY `sort` DESC [ RunTime:0.000501s ]
[2026-03-04T10:22:33+08:00][sql] CONNECT:[ UseTime:0.011163s ] mysql:host=127.0.0.1;port=3306;dbname=xinyuepansou;charset=utf8mb4
[2026-03-04T10:22:33+08:00][sql] SHOW FULL COLUMNS FROM `qf_conf` [ RunTime:0.001397s ]
[2026-03-04T10:22:33+08:00][sql] SELECT * FROM `qf_conf` [ RunTime:0.000417s ]
[2026-03-04T10:22:33+08:00][sql] SHOW FULL COLUMNS FROM `qf_source_category` [ RunTime:0.001003s ]
[2026-03-04T10:22:33+08:00][sql] SHOW FULL COLUMNS FROM `qf_api_list` [ RunTime:0.001234s ]
[2026-03-04T10:22:33+08:00][sql] SELECT `source_category_id`,`name`,`image`,`is_sys`,`is_type` FROM `qf_source_category` WHERE  `status` = 0 ORDER BY `sort` DESC [ RunTime:0.000321s ]
[2026-03-04T10:22:44+08:00][sql] CONNECT:[ UseTime:0.020782s ] mysql:host=127.0.0.1;port=3306;dbname=xinyuepansou;charset=utf8mb4
[2026-03-04T10:22:44+08:00][sql] SHOW FULL COLUMNS FROM `qf_conf` [ RunTime:0.001357s ]
[2026-03-04T10:22:44+08:00][sql] SELECT * FROM `qf_conf` [ RunTime:0.000509s ]
[2026-03-04T10:22:44+08:00][sql] SHOW FULL COLUMNS FROM `qf_source_category` [ RunTime:0.000882s ]
[2026-03-04T10:22:44+08:00][sql] SHOW FULL COLUMNS FROM `qf_api_list` [ RunTime:0.000926s ]
[2026-03-04T10:22:44+08:00][sql] SELECT `source_category_id`,`name`,`image`,`is_sys`,`is_type` FROM `qf_source_category` WHERE  `status` = 0 ORDER BY `sort` DESC [ RunTime:0.000398s ]
[2026-03-04T10:22:56+08:00][sql] CONNECT:[ UseTime:0.011073s ] mysql:host=127.0.0.1;port=3306;dbname=xinyuepansou;charset=utf8mb4
[2026-03-04T10:22:56+08:00][sql] SHOW FULL COLUMNS FROM `qf_conf` [ RunTime:0.001187s ]
[2026-03-04T10:22:56+08:00][sql] SELECT * FROM `qf_conf` [ RunTime:0.000448s ]
[2026-03-04T10:22:56+08:00][sql] SHOW FULL COLUMNS FROM `qf_source_category` [ RunTime:0.001211s ]
[2026-03-04T10:22:56+08:00][sql] SHOW FULL COLUMNS FROM `qf_api_list` [ RunTime:0.001070s ]
[2026-03-04T10:22:56+08:00][sql] SHOW FULL COLUMNS FROM `qf_source` [ RunTime:0.002738s ]
[2026-03-04T10:22:56+08:00][sql] SELECT COUNT(*) AS think_count FROM `qf_source` WHERE  `status` = 1  AND `is_delete` = 0  AND ( `title` LIKE '%骄阳%' OR `description` LIKE '%骄阳%' )  AND ( `title` LIKE '%似我%' OR `description` LIKE '%似我%' ) LIMIT 1 [ RunTime:0.003853s ]
[2026-03-04T10:22:56+08:00][sql] SELECT `name`,`image` FROM `qf_source_category` WHERE  `status` = 0  AND `is_sys` = 1 ORDER BY `sort` DESC [ RunTime:0.000596s ]
[2026-03-04T10:22:56+08:00][sql] SELECT `name`,source_category_id as id FROM `qf_source_category` WHERE  `status` = 0 ORDER BY `sort` DESC [ RunTime:0.000395s ]
[2026-03-04T10:22:56+08:00][sql] SELECT pantype, COUNT(*) as total, MAX(weight) as max_weight FROM `qf_api_list` WHERE  `status` = 1 GROUP BY `pantype` ORDER BY `max_weight` DESC [ RunTime:0.001893s ]
[2026-03-04T10:23:51+08:00][sql] CONNECT:[ UseTime:0.017888s ] mysql:host=127.0.0.1;port=3306;dbname=xinyuepansou;charset=utf8mb4
[2026-03-04T10:23:51+08:00][sql] SHOW FULL COLUMNS FROM `qf_conf` [ RunTime:0.001239s ]
[2026-03-04T10:23:51+08:00][sql] SELECT * FROM `qf_conf` [ RunTime:0.000541s ]
[2026-03-04T10:23:51+08:00][sql] SHOW FULL COLUMNS FROM `qf_source_category` [ RunTime:0.001074s ]
[2026-03-04T10:23:51+08:00][sql] SHOW FULL COLUMNS FROM `qf_api_list` [ RunTime:0.000829s ]
[2026-03-04T10:23:51+08:00][sql] SELECT `source_category_id`,`name`,`image`,`is_sys`,`is_type` FROM `qf_source_category` WHERE  `status` = 0 ORDER BY `sort` DESC [ RunTime:0.000234s ]
[2026-03-04T10:23:55+08:00][sql] CONNECT:[ UseTime:0.000987s ] mysql:host=127.0.0.1;port=3306;dbname=xinyuepansou;charset=utf8mb4
[2026-03-04T10:23:55+08:00][sql] SHOW FULL COLUMNS FROM `qf_conf` [ RunTime:0.001495s ]
[2026-03-04T10:23:55+08:00][sql] SELECT * FROM `qf_conf` [ RunTime:0.000639s ]
[2026-03-04T10:23:55+08:00][sql] SHOW FULL COLUMNS FROM `qf_source_category` [ RunTime:0.001007s ]
[2026-03-04T10:23:55+08:00][sql] SHOW FULL COLUMNS FROM `qf_api_list` [ RunTime:0.001010s ]
[2026-03-04T10:23:55+08:00][sql] SHOW FULL COLUMNS FROM `qf_source` [ RunTime:0.001435s ]
[2026-03-04T10:23:55+08:00][sql] SELECT COUNT(*) AS think_count FROM `qf_source` WHERE  `status` = 1  AND `is_delete` = 0  AND ( `title` LIKE '%仙逆%' OR `description` LIKE '%仙逆%' ) LIMIT 1 [ RunTime:0.000529s ]
[2026-03-04T10:23:55+08:00][sql] SELECT source_id as id,`source_category_id`,`title`,`is_type`,`code`,`url`,update_time as time,`is_time` FROM `qf_source` WHERE  `status` = 1  AND `is_delete` = 0  AND ( `title` LIKE '%仙逆%' OR `description` LIKE '%仙逆%' ) ORDER BY `source_id` DESC LIMIT 0,10 [ RunTime:0.000651s ]
[2026-03-04T10:23:55+08:00][sql] SELECT `source_category_id`,`name` FROM `qf_source_category` WHERE  `source_category_id` = 0 [ RunTime:0.000335s ]
[2026-03-04T10:23:55+08:00][sql] UPDATE `qf_source`  SET `update_time` = 1772591035  WHERE  `source_id` IN (45,44,43) [ RunTime:0.008744s ]
[2026-03-04T10:23:55+08:00][sql] SELECT `name`,`image` FROM `qf_source_category` WHERE  `status` = 0  AND `is_sys` = 1 ORDER BY `sort` DESC [ RunTime:0.000421s ]
[2026-03-04T10:23:55+08:00][sql] SELECT `name`,source_category_id as id FROM `qf_source_category` WHERE  `status` = 0 ORDER BY `sort` DESC [ RunTime:0.000278s ]
[2026-03-04T10:23:55+08:00][sql] SELECT pantype, COUNT(*) as total, MAX(weight) as max_weight FROM `qf_api_list` WHERE  `status` = 1 GROUP BY `pantype` ORDER BY `max_weight` DESC [ RunTime:0.000380s ]
[2026-03-04T10:25:21+08:00][sql] CONNECT:[ UseTime:0.016627s ] mysql:host=127.0.0.1;port=3306;dbname=xinyuepansou;charset=utf8mb4
[2026-03-04T10:25:21+08:00][sql] SHOW FULL COLUMNS FROM `qf_conf` [ RunTime:0.001197s ]
[2026-03-04T10:25:21+08:00][sql] SELECT * FROM `qf_conf` [ RunTime:0.000420s ]
[2026-03-04T10:25:21+08:00][sql] SHOW FULL COLUMNS FROM `qf_source_category` [ RunTime:0.000919s ]
[2026-03-04T10:25:21+08:00][sql] SHOW FULL COLUMNS FROM `qf_api_list` [ RunTime:0.000838s ]
[2026-03-04T10:25:21+08:00][sql] SELECT `source_category_id`,`name`,`image`,`is_sys`,`is_type` FROM `qf_source_category` WHERE  `status` = 0 ORDER BY `sort` DESC [ RunTime:0.000208s ]
[2026-03-04T10:25:31+08:00][sql] CONNECT:[ UseTime:0.021288s ] mysql:host=127.0.0.1;port=3306;dbname=xinyuepansou;charset=utf8mb4
[2026-03-04T10:25:31+08:00][sql] SHOW FULL COLUMNS FROM `qf_conf` [ RunTime:0.001391s ]
[2026-03-04T10:25:31+08:00][sql] SELECT * FROM `qf_conf` [ RunTime:0.000488s ]
[2026-03-04T10:25:31+08:00][sql] SHOW FULL COLUMNS FROM `qf_source_category` [ RunTime:0.000854s ]
[2026-03-04T10:25:31+08:00][sql] SHOW FULL COLUMNS FROM `qf_api_list` [ RunTime:0.000997s ]
[2026-03-04T10:25:31+08:00][sql] SHOW FULL COLUMNS FROM `qf_source` [ RunTime:0.001628s ]
[2026-03-04T10:25:31+08:00][sql] SELECT COUNT(*) AS think_count FROM `qf_source` WHERE  `status` = 1  AND `is_delete` = 0  AND ( `title` LIKE '%仙逆%' OR `description` LIKE '%仙逆%' ) LIMIT 1 [ RunTime:0.000696s ]
[2026-03-04T10:25:31+08:00][sql] SELECT source_id as id,`source_category_id`,`title`,`is_type`,`code`,`url`,update_time as time,`is_time` FROM `qf_source` WHERE  `status` = 1  AND `is_delete` = 0  AND ( `title` LIKE '%仙逆%' OR `description` LIKE '%仙逆%' ) ORDER BY `source_id` DESC LIMIT 0,10 [ RunTime:0.000424s ]
[2026-03-04T10:25:31+08:00][sql] SELECT `source_category_id`,`name` FROM `qf_source_category` WHERE  `source_category_id` = 0 [ RunTime:0.000280s ]
[2026-03-04T10:25:31+08:00][sql] UPDATE `qf_source`  SET `update_time` = 1772591131  WHERE  `source_id` IN (45,44,43) [ RunTime:0.015332s ]
[2026-03-04T10:25:31+08:00][sql] SELECT `name`,`image` FROM `qf_source_category` WHERE  `status` = 0  AND `is_sys` = 1 ORDER BY `sort` DESC [ RunTime:0.000429s ]
[2026-03-04T10:25:31+08:00][sql] SELECT `name`,source_category_id as id FROM `qf_source_category` WHERE  `status` = 0 ORDER BY `sort` DESC [ RunTime:0.000525s ]
[2026-03-04T10:25:31+08:00][sql] SELECT pantype, COUNT(*) as total, MAX(weight) as max_weight FROM `qf_api_list` WHERE  `status` = 1 GROUP BY `pantype` ORDER BY `max_weight` DESC [ RunTime:0.000518s ]
[2026-03-04T10:29:29+08:00][sql] CONNECT:[ UseTime:0.021055s ] mysql:host=127.0.0.1;port=3306;dbname=xinyuepansou;charset=utf8mb4
[2026-03-04T10:29:29+08:00][sql] SHOW FULL COLUMNS FROM `qf_conf` [ RunTime:0.001613s ]
[2026-03-04T10:29:29+08:00][sql] SELECT * FROM `qf_conf` [ RunTime:0.000522s ]
[2026-03-04T10:29:29+08:00][sql] SHOW FULL COLUMNS FROM `qf_source_category` [ RunTime:0.000902s ]
[2026-03-04T10:29:29+08:00][sql] SHOW FULL COLUMNS FROM `qf_api_list` [ RunTime:0.000795s ]
[2026-03-04T10:29:29+08:00][sql] SHOW FULL COLUMNS FROM `qf_source` [ RunTime:0.001336s ]
[2026-03-04T10:29:29+08:00][sql] SELECT COUNT(*) AS think_count FROM `qf_source` WHERE  `status` = 1  AND `is_delete` = 0  AND ( `title` LIKE '%仙逆%' OR `description` LIKE '%仙逆%' ) LIMIT 1 [ RunTime:0.000578s ]
[2026-03-04T10:29:29+08:00][sql] SELECT source_id as id,`source_category_id`,`title`,`is_type`,`code`,`url`,update_time as time,`is_time` FROM `qf_source` WHERE  `status` = 1  AND `is_delete` = 0  AND ( `title` LIKE '%仙逆%' OR `description` LIKE '%仙逆%' ) ORDER BY `source_id` DESC LIMIT 0,10 [ RunTime:0.000337s ]
[2026-03-04T10:29:29+08:00][sql] SELECT `source_category_id`,`name` FROM `qf_source_category` WHERE  `source_category_id` = 0 [ RunTime:0.000344s ]
[2026-03-04T10:29:29+08:00][sql] UPDATE `qf_source`  SET `update_time` = 1772591369  WHERE  `source_id` IN (45,44,43) [ RunTime:0.015537s ]
[2026-03-04T10:29:29+08:00][sql] SELECT `name`,`image` FROM `qf_source_category` WHERE  `status` = 0  AND `is_sys` = 1 ORDER BY `sort` DESC [ RunTime:0.000494s ]
[2026-03-04T10:29:29+08:00][sql] SELECT `name`,source_category_id as id FROM `qf_source_category` WHERE  `status` = 0 ORDER BY `sort` DESC [ RunTime:0.000429s ]
[2026-03-04T10:29:29+08:00][sql] SELECT pantype, COUNT(*) as total, MAX(weight) as max_weight FROM `qf_api_list` WHERE  `status` = 1 GROUP BY `pantype` ORDER BY `max_weight` DESC [ RunTime:0.000466s ]
[2026-03-04T10:33:25+08:00][sql] CONNECT:[ UseTime:0.001150s ] mysql:host=127.0.0.1;port=3306;dbname=xinyuepansou;charset=utf8mb4
[2026-03-04T10:33:25+08:00][sql] SHOW FULL COLUMNS FROM `qf_conf` [ RunTime:0.001495s ]
[2026-03-04T10:33:25+08:00][sql] SELECT * FROM `qf_conf` [ RunTime:0.000419s ]
[2026-03-04T10:33:25+08:00][sql] SHOW FULL COLUMNS FROM `qf_source_category` [ RunTime:0.001031s ]
[2026-03-04T10:33:25+08:00][sql] SHOW FULL COLUMNS FROM `qf_api_list` [ RunTime:0.000886s ]
[2026-03-04T10:33:25+08:00][sql] SHOW FULL COLUMNS FROM `qf_source` [ RunTime:0.001710s ]
[2026-03-04T10:33:25+08:00][sql] SELECT COUNT(*) AS think_count FROM `qf_source` WHERE  `status` = 1  AND `is_delete` = 0  AND ( `title` LIKE '%仙逆%' OR `description` LIKE '%仙逆%' ) LIMIT 1 [ RunTime:0.000469s ]
[2026-03-04T10:33:25+08:00][sql] SELECT source_id as id,`source_category_id`,`title`,`is_type`,`code`,`url`,update_time as time,`is_time` FROM `qf_source` WHERE  `status` = 1  AND `is_delete` = 0  AND ( `title` LIKE '%仙逆%' OR `description` LIKE '%仙逆%' ) ORDER BY `source_id` DESC LIMIT 0,10 [ RunTime:0.000439s ]
[2026-03-04T10:33:25+08:00][sql] SELECT `source_category_id`,`name` FROM `qf_source_category` WHERE  `source_category_id` = 0 [ RunTime:0.000499s ]
[2026-03-04T10:33:25+08:00][sql] UPDATE `qf_source`  SET `update_time` = 1772591605  WHERE  `source_id` IN (45,44,43) [ RunTime:0.003596s ]
[2026-03-04T10:33:25+08:00][sql] SELECT `name`,`image` FROM `qf_source_category` WHERE  `status` = 0  AND `is_sys` = 1 ORDER BY `sort` DESC [ RunTime:0.000560s ]
[2026-03-04T10:33:25+08:00][sql] SELECT `name`,source_category_id as id FROM `qf_source_category` WHERE  `status` = 0 ORDER BY `sort` DESC [ RunTime:0.000326s ]
[2026-03-04T10:33:25+08:00][sql] SELECT pantype, COUNT(*) as total, MAX(weight) as max_weight FROM `qf_api_list` WHERE  `status` = 1 GROUP BY `pantype` ORDER BY `max_weight` DESC [ RunTime:0.000579s ]
[2026-03-04T10:38:09+08:00][sql] CONNECT:[ UseTime:0.020859s ] mysql:host=127.0.0.1;port=3306;dbname=xinyuepansou;charset=utf8mb4
[2026-03-04T10:38:09+08:00][sql] SHOW FULL COLUMNS FROM `qf_conf` [ RunTime:0.001241s ]
[2026-03-04T10:38:09+08:00][sql] SELECT * FROM `qf_conf` [ RunTime:0.000402s ]
[2026-03-04T10:38:09+08:00][sql] SHOW FULL COLUMNS FROM `qf_source_category` [ RunTime:0.000871s ]
[2026-03-04T10:38:09+08:00][sql] SHOW FULL COLUMNS FROM `qf_api_list` [ RunTime:0.000997s ]
[2026-03-04T10:38:09+08:00][sql] SHOW FULL COLUMNS FROM `qf_source` [ RunTime:0.001682s ]
[2026-03-04T10:38:09+08:00][sql] SELECT COUNT(*) AS think_count FROM `qf_source` WHERE  `status` = 1  AND `is_delete` = 0  AND ( `title` LIKE '%仙逆%' OR `description` LIKE '%仙逆%' ) LIMIT 1 [ RunTime:0.000578s ]
[2026-03-04T10:38:09+08:00][sql] SELECT source_id as id,`source_category_id`,`title`,`is_type`,`code`,`url`,update_time as time,`is_time` FROM `qf_source` WHERE  `status` = 1  AND `is_delete` = 0  AND ( `title` LIKE '%仙逆%' OR `description` LIKE '%仙逆%' ) ORDER BY `source_id` DESC LIMIT 0,10 [ RunTime:0.000525s ]
[2026-03-04T10:38:09+08:00][sql] SELECT `source_category_id`,`name` FROM `qf_source_category` WHERE  `source_category_id` = 0 [ RunTime:0.000420s ]
[2026-03-04T10:38:09+08:00][sql] UPDATE `qf_source`  SET `update_time` = 1772591889  WHERE  `source_id` IN (45,44,43) [ RunTime:0.015522s ]
[2026-03-04T10:38:09+08:00][sql] SELECT `name`,`image` FROM `qf_source_category` WHERE  `status` = 0  AND `is_sys` = 1 ORDER BY `sort` DESC [ RunTime:0.000471s ]
[2026-03-04T10:38:09+08:00][sql] SELECT `name`,source_category_id as id FROM `qf_source_category` WHERE  `status` = 0 ORDER BY `sort` DESC [ RunTime:0.000296s ]
[2026-03-04T10:38:09+08:00][sql] SELECT pantype, COUNT(*) as total, MAX(weight) as max_weight FROM `qf_api_list` WHERE  `status` = 1 GROUP BY `pantype` ORDER BY `max_weight` DESC [ RunTime:0.000505s ]
[2026-03-04T10:41:25+08:00][sql] CONNECT:[ UseTime:0.001007s ] mysql:host=127.0.0.1;port=3306;dbname=xinyuepansou;charset=utf8mb4
[2026-03-04T10:41:25+08:00][sql] SHOW FULL COLUMNS FROM `qf_conf` [ RunTime:0.001399s ]
[2026-03-04T10:41:25+08:00][sql] SELECT * FROM `qf_conf` [ RunTime:0.000389s ]
[2026-03-04T10:41:25+08:00][sql] SHOW FULL COLUMNS FROM `qf_source_category` [ RunTime:0.001054s ]
[2026-03-04T10:41:25+08:00][sql] SHOW FULL COLUMNS FROM `qf_api_list` [ RunTime:0.001099s ]
[2026-03-04T10:41:25+08:00][sql] SHOW FULL COLUMNS FROM `qf_source` [ RunTime:0.001387s ]
[2026-03-04T10:41:25+08:00][sql] SELECT COUNT(*) AS think_count FROM `qf_source` WHERE  `status` = 1  AND `is_delete` = 0  AND ( `title` LIKE '%仙逆%' OR `description` LIKE '%仙逆%' ) LIMIT 1 [ RunTime:0.000551s ]
[2026-03-04T10:41:25+08:00][sql] SELECT source_id as id,`source_category_id`,`title`,`is_type`,`code`,`url`,update_time as time,`is_time` FROM `qf_source` WHERE  `status` = 1  AND `is_delete` = 0  AND ( `title` LIKE '%仙逆%' OR `description` LIKE '%仙逆%' ) ORDER BY `source_id` DESC LIMIT 0,10 [ RunTime:0.000422s ]
[2026-03-04T10:41:25+08:00][sql] SELECT `source_category_id`,`name` FROM `qf_source_category` WHERE  `source_category_id` = 0 [ RunTime:0.000268s ]
[2026-03-04T10:41:25+08:00][sql] UPDATE `qf_source`  SET `update_time` = 1772592085  WHERE  `source_id` IN (45,44,43) [ RunTime:0.004423s ]
[2026-03-04T10:41:25+08:00][sql] SELECT `name`,`image` FROM `qf_source_category` WHERE  `status` = 0  AND `is_sys` = 1 ORDER BY `sort` DESC [ RunTime:0.000619s ]
[2026-03-04T10:41:25+08:00][sql] SELECT `name`,source_category_id as id FROM `qf_source_category` WHERE  `status` = 0 ORDER BY `sort` DESC [ RunTime:0.000260s ]
[2026-03-04T10:41:25+08:00][sql] SELECT pantype, COUNT(*) as total, MAX(weight) as max_weight FROM `qf_api_list` WHERE  `status` = 1 GROUP BY `pantype` ORDER BY `max_weight` DESC [ RunTime:0.000496s ]
[2026-03-04T10:41:30+08:00][sql] CONNECT:[ UseTime:0.000998s ] mysql:host=127.0.0.1;port=3306;dbname=xinyuepansou;charset=utf8mb4
[2026-03-04T10:41:30+08:00][sql] SHOW FULL COLUMNS FROM `qf_conf` [ RunTime:0.001107s ]
[2026-03-04T10:41:30+08:00][sql] SELECT * FROM `qf_conf` [ RunTime:0.000324s ]
[2026-03-04T10:41:30+08:00][sql] SHOW FULL COLUMNS FROM `qf_source_category` [ RunTime:0.000964s ]
[2026-03-04T10:41:30+08:00][sql] SHOW FULL COLUMNS FROM `qf_api_list` [ RunTime:0.000778s ]
[2026-03-04T10:41:30+08:00][sql] SHOW FULL COLUMNS FROM `qf_source` [ RunTime:0.001251s ]
[2026-03-04T10:41:30+08:00][sql] SELECT COUNT(*) AS think_count FROM `qf_source` WHERE  `status` = 1  AND `is_delete` = 0  AND ( `title` LIKE '%仙逆%' OR `description` LIKE '%仙逆%' ) LIMIT 1 [ RunTime:0.000360s ]
[2026-03-04T10:41:30+08:00][sql] SELECT source_id as id,`source_category_id`,`title`,`is_type`,`code`,`url`,update_time as time,`is_time` FROM `qf_source` WHERE  `status` = 1  AND `is_delete` = 0  AND ( `title` LIKE '%仙逆%' OR `description` LIKE '%仙逆%' ) ORDER BY `source_id` DESC LIMIT 0,10 [ RunTime:0.000373s ]
[2026-03-04T10:41:30+08:00][sql] SELECT `source_category_id`,`name` FROM `qf_source_category` WHERE  `source_category_id` = 0 [ RunTime:0.000273s ]
[2026-03-04T10:41:30+08:00][sql] UPDATE `qf_source`  SET `update_time` = 1772592090  WHERE  `source_id` IN (45,44,43) [ RunTime:0.005676s ]
[2026-03-04T10:41:30+08:00][sql] SELECT `name`,`image` FROM `qf_source_category` WHERE  `status` = 0  AND `is_sys` = 1 ORDER BY `sort` DESC [ RunTime:0.000507s ]
[2026-03-04T10:41:30+08:00][sql] SELECT `name`,source_category_id as id FROM `qf_source_category` WHERE  `status` = 0 ORDER BY `sort` DESC [ RunTime:0.000264s ]
[2026-03-04T10:41:30+08:00][sql] SELECT pantype, COUNT(*) as total, MAX(weight) as max_weight FROM `qf_api_list` WHERE  `status` = 1 GROUP BY `pantype` ORDER BY `max_weight` DESC [ RunTime:0.000319s ]
